<?xml version="1.0" encoding="UTF-8"?>
<testsuite name="com.jojoldu.book.springboot.web.IndexControllerTest" tests="1" skipped="0" failures="0" errors="0" timestamp="2019-12-24T01:53:18" hostname="DESKTOP-1LHBVLH" time="0.349">
  <properties/>
  <testcase name="메인페이지_로딩" classname="com.jojoldu.book.springboot.web.IndexControllerTest" time="0.349"/>
  <system-out><![CDATA[2019-12-24 10:53:14.027  INFO 16452 --- [    Test worker] .b.t.c.SpringBootTestContextBootstrapper : Neither @ContextConfiguration nor @ContextHierarchy found for test class [com.jojoldu.book.springboot.web.IndexControllerTest], using SpringBootContextLoader
2019-12-24 10:53:14.028  INFO 16452 --- [    Test worker] o.s.t.c.support.AbstractContextLoader    : Could not detect default resource locations for test class [com.jojoldu.book.springboot.web.IndexControllerTest]: no resource found for suffixes {-context.xml, Context.groovy}.
2019-12-24 10:53:14.029  INFO 16452 --- [    Test worker] t.c.s.AnnotationConfigContextLoaderUtils : Could not detect default configuration classes for test class [com.jojoldu.book.springboot.web.IndexControllerTest]: IndexControllerTest does not declare any static, non-private, non-final, nested classes annotated with @Configuration.
2019-12-24 10:53:14.032  INFO 16452 --- [    Test worker] .b.t.c.SpringBootTestContextBootstrapper : Found @SpringBootConfiguration com.jojoldu.book.springboot.Application for test class com.jojoldu.book.springboot.web.IndexControllerTest
2019-12-24 10:53:14.034  INFO 16452 --- [    Test worker] .b.t.c.SpringBootTestContextBootstrapper : Loaded default TestExecutionListener class names from location [META-INF/spring.factories]: [org.springframework.security.test.context.support.WithSecurityContextTestExecutionListener, org.springframework.security.test.context.support.ReactorContextTestExecutionListener, org.springframework.boot.test.autoconfigure.restdocs.RestDocsTestExecutionListener, org.springframework.boot.test.autoconfigure.web.client.MockRestServiceServerResetTestExecutionListener, org.springframework.boot.test.autoconfigure.web.servlet.MockMvcPrintOnlyOnFailureTestExecutionListener, org.springframework.boot.test.autoconfigure.web.servlet.WebDriverTestExecutionListener, org.springframework.boot.test.mock.mockito.MockitoTestExecutionListener, org.springframework.boot.test.mock.mockito.ResetMocksTestExecutionListener, org.springframework.test.context.web.ServletTestExecutionListener, org.springframework.test.context.support.DirtiesContextBeforeModesTestExecutionListener, org.springframework.test.context.support.DependencyInjectionTestExecutionListener, org.springframework.test.context.support.DirtiesContextTestExecutionListener, org.springframework.test.context.transaction.TransactionalTestExecutionListener, org.springframework.test.context.jdbc.SqlScriptsTestExecutionListener]
2019-12-24 10:53:14.036  INFO 16452 --- [    Test worker] .b.t.c.SpringBootTestContextBootstrapper : Using TestExecutionListeners: [org.springframework.test.context.web.ServletTestExecutionListener@6f4beec5, org.springframework.test.context.support.DirtiesContextBeforeModesTestExecutionListener@4c98ac16, org.springframework.boot.test.mock.mockito.MockitoTestExecutionListener@5b0b21e1, org.springframework.boot.test.autoconfigure.SpringBootDependencyInjectionTestExecutionListener@13b497c0, org.springframework.test.context.support.DirtiesContextTestExecutionListener@23b97eb5, org.springframework.test.context.transaction.TransactionalTestExecutionListener@2ac88ec8, org.springframework.test.context.jdbc.SqlScriptsTestExecutionListener@284ea659, org.springframework.security.test.context.support.WithSecurityContextTestExecutionListener@1f732e07, org.springframework.security.test.context.support.ReactorContextTestExecutionListener@7757a78a, org.springframework.boot.test.autoconfigure.restdocs.RestDocsTestExecutionListener@1987c966, org.springframework.boot.test.autoconfigure.web.client.MockRestServiceServerResetTestExecutionListener@4426c861, org.springframework.boot.test.autoconfigure.web.servlet.MockMvcPrintOnlyOnFailureTestExecutionListener@4223d5f4, org.springframework.boot.test.autoconfigure.web.servlet.WebDriverTestExecutionListener@80241cd, org.springframework.boot.test.mock.mockito.ResetMocksTestExecutionListener@2f697552]

  .   ____          _            __ _ _
 /\\ / ___'_ __ _ _(_)_ __  __ _ \ \ \ \
( ( )\___ | '_ | '_| | '_ \/ _` | \ \ \ \
 \\/  ___)| |_)| | | | | || (_| |  ) ) ) )
  '  |____| .__|_| |_|_| |_\__, | / / / /
 =========|_|==============|___/=/_/_/_/
 :: Spring Boot ::        (v2.1.7.RELEASE)

2019-12-24 10:53:14.151  INFO 16452 --- [    Test worker] c.j.b.s.web.IndexControllerTest          : Starting IndexControllerTest on DESKTOP-1LHBVLH with PID 16452 (started by admin in C:\workspace_spring\spring-webservice)
2019-12-24 10:53:14.151  INFO 16452 --- [    Test worker] c.j.b.s.web.IndexControllerTest          : The following profiles are active: oauth
2019-12-24 10:53:14.651  INFO 16452 --- [    Test worker] .s.d.r.c.RepositoryConfigurationDelegate : Bootstrapping Spring Data repositories in DEFAULT mode.
2019-12-24 10:53:14.702  INFO 16452 --- [    Test worker] .s.d.r.c.RepositoryConfigurationDelegate : Finished Spring Data repository scanning in 50ms. Found 2 repository interfaces.
2019-12-24 10:53:14.894  INFO 16452 --- [    Test worker] trationDelegate$BeanPostProcessorChecker : Bean 'org.springframework.transaction.annotation.ProxyTransactionManagementConfiguration' of type [org.springframework.transaction.annotation.ProxyTransactionManagementConfiguration$$EnhancerBySpringCGLIB$$43dbd264] is not eligible for getting processed by all BeanPostProcessors (for example: not eligible for auto-proxying)
2019-12-24 10:53:15.403  INFO 16452 --- [    Test worker] o.s.b.w.embedded.tomcat.TomcatWebServer  : Tomcat initialized with port(s): 0 (http)
2019-12-24 10:53:15.459  INFO 16452 --- [    Test worker] o.apache.catalina.core.StandardService   : Starting service [Tomcat]
2019-12-24 10:53:15.459  INFO 16452 --- [    Test worker] org.apache.catalina.core.StandardEngine  : Starting Servlet engine: [Apache Tomcat/9.0.22]
2019-12-24 10:53:15.829  INFO 16452 --- [    Test worker] o.a.c.c.C.[Tomcat].[localhost].[/]       : Initializing Spring embedded WebApplicationContext
2019-12-24 10:53:15.829  INFO 16452 --- [    Test worker] o.s.web.context.ContextLoader            : Root WebApplicationContext: initialization completed in 1671 ms
2019-12-24 10:53:16.202  INFO 16452 --- [    Test worker] com.zaxxer.hikari.HikariDataSource       : HikariPool-2 - Starting...
2019-12-24 10:53:16.205  INFO 16452 --- [    Test worker] com.zaxxer.hikari.HikariDataSource       : HikariPool-2 - Start completed.
2019-12-24 10:53:16.288  INFO 16452 --- [    Test worker] o.hibernate.jpa.internal.util.LogHelper  : HHH000204: Processing PersistenceUnitInfo [
	name: default
	...]
2019-12-24 10:53:16.320  INFO 16452 --- [    Test worker] org.hibernate.dialect.Dialect            : HHH000400: Using dialect: org.hibernate.dialect.MySQL5InnoDBDialect
Hibernate: drop table if exists posts
Hibernate: drop table if exists user
Hibernate: create table posts (id bigint not null auto_increment, created_date datetime, modified_date datetime, author varchar(255), content TEXT not null, title varchar(500) not null, primary key (id)) engine=InnoDB
Hibernate: create table user (id bigint not null auto_increment, created_date datetime, modified_date datetime, email varchar(255) not null, name varchar(255) not null, picture varchar(255), role varchar(255) not null, primary key (id)) engine=InnoDB
2019-12-24 10:53:16.425  INFO 16452 --- [    Test worker] o.h.t.schema.internal.SchemaCreatorImpl  : HHH000476: Executing import script 'org.hibernate.tool.schema.internal.exec.ScriptSourceInputNonExistentImpl@5bbf429c'
2019-12-24 10:53:16.425  INFO 16452 --- [    Test worker] j.LocalContainerEntityManagerFactoryBean : Initialized JPA EntityManagerFactory for persistence unit 'default'
2019-12-24 10:53:17.209  INFO 16452 --- [    Test worker] o.h.h.i.QueryTranslatorFactoryInitiator  : HHH000397: Using ASTQueryTranslatorFactory
2019-12-24 10:53:17.553  INFO 16452 --- [    Test worker] o.s.s.web.DefaultSecurityFilterChain     : Creating filter chain: any request, [org.springframework.security.web.context.request.async.WebAsyncManagerIntegrationFilter@7cc76be0, org.springframework.security.web.context.SecurityContextPersistenceFilter@1c3f3263, org.springframework.security.web.header.HeaderWriterFilter@2eb48c40, org.springframework.security.web.authentication.logout.LogoutFilter@33fefd3f, org.springframework.security.oauth2.client.web.OAuth2AuthorizationRequestRedirectFilter@5ce0fe10, org.springframework.security.oauth2.client.web.OAuth2LoginAuthenticationFilter@4634ddb8, org.springframework.security.web.authentication.ui.DefaultLoginPageGeneratingFilter@56b771a0, org.springframework.security.web.authentication.ui.DefaultLogoutPageGeneratingFilter@73b5ecdb, org.springframework.security.web.savedrequest.RequestCacheAwareFilter@cb3370c, org.springframework.security.web.servletapi.SecurityContextHolderAwareRequestFilter@66f7c56, org.springframework.security.web.authentication.AnonymousAuthenticationFilter@287e9cc3, org.springframework.security.web.session.SessionManagementFilter@5b21652e, org.springframework.security.web.access.ExceptionTranslationFilter@4c4b8af2, org.springframework.security.web.access.intercept.FilterSecurityInterceptor@31d7d546]
2019-12-24 10:53:17.983  INFO 16452 --- [    Test worker] o.s.s.concurrent.ThreadPoolTaskExecutor  : Initializing ExecutorService 'applicationTaskExecutor'
2019-12-24 10:53:18.006  WARN 16452 --- [    Test worker] aWebConfiguration$JpaWebMvcConfiguration : spring.jpa.open-in-view is enabled by default. Therefore, database queries may be performed during view rendering. Explicitly configure spring.jpa.open-in-view to disable this warning
2019-12-24 10:53:18.057  INFO 16452 --- [    Test worker] o.s.b.a.w.s.WelcomePageHandlerMapping    : Adding welcome page template: index
2019-12-24 10:53:18.658  INFO 16452 --- [    Test worker] s.a.ScheduledAnnotationBeanPostProcessor : No TaskScheduler/ScheduledExecutorService bean found for scheduled processing
2019-12-24 10:53:18.698  INFO 16452 --- [    Test worker] o.s.b.w.embedded.tomcat.TomcatWebServer  : Tomcat started on port(s): 65434 (http) with context path ''
2019-12-24 10:53:18.701  INFO 16452 --- [    Test worker] c.j.b.s.web.IndexControllerTest          : Started IndexControllerTest in 4.662 seconds (JVM running for 24.094)
2019-12-24 10:53:18.876  INFO 16452 --- [o-auto-1-exec-1] o.a.c.c.C.[Tomcat].[localhost].[/]       : Initializing Spring DispatcherServlet 'dispatcherServlet'
2019-12-24 10:53:18.877  INFO 16452 --- [o-auto-1-exec-1] o.s.web.servlet.DispatcherServlet        : Initializing Servlet 'dispatcherServlet'
2019-12-24 10:53:18.922  INFO 16452 --- [o-auto-1-exec-1] o.s.web.servlet.DispatcherServlet        : Completed initialization in 45 ms
Hibernate: select posts0_.id as id1_0_, posts0_.created_date as created_2_0_, posts0_.modified_date as modified3_0_, posts0_.author as author4_0_, posts0_.content as content5_0_, posts0_.title as title6_0_ from posts posts0_ order by posts0_.id DESC
]]></system-out>
  <system-err><![CDATA[]]></system-err>
</testsuite>
